<?xml version="1.0" encoding="utf-8"?>
<TestRun id="cfb0177b-36f2-44f7-8f76-16392b76d9b5" name="adm-ackermanng@SPRDMULTTS-0691 2024-04-10 15:22:47" runUser="SPSDE\adm-ackermanng" xmlns="http://microsoft.com/schemas/VisualStudio/TeamTest/2010">
  <Times creation="2024-04-10T15:22:47.7478410+01:00" queuing="2024-04-10T15:22:47.7478410+01:00" start="2024-04-10T15:22:30.9141681+01:00" finish="2024-04-10T15:23:02.6838817+01:00" />
  <TestSettings name="default" id="88d0469e-4c5b-4538-8ce0-63e87c6d004f">
    <Deployment runDeploymentRoot="adm-ackermanng_SPRDMULTTS-0691_2024-04-10_15_22_47" />
  </TestSettings>
  <Results>
    <UnitTestResult executionId="b8034fd5-4a9a-4684-9907-0dd33ff06fa8" testId="226efb95-5b56-4340-afd7-950ffb6a5b22" testName="Testwrong" computerName="SPRDMULTTS-0691" duration="00:00:13.3344116" startTime="2024-04-10T15:22:47.7188309+01:00" endTime="2024-04-10T15:23:01.0532425+01:00" testType="13cdc9d9-ddb5-4fa4-a97d-d965ccfc6d4b" outcome="Failed" testListId="8c84fa94-04c1-424b-9868-57a2d4851a1d" relativeResultsDirectory="b8034fd5-4a9a-4684-9907-0dd33ff06fa8">
      <Output>
        <ErrorInfo>
          <Message>The property checkpoint failed, because WndCaption does not equal (case-sensitive) "88". See Details for additional information.</Message>
        </ErrorInfo>
      </Output>
    </UnitTestResult>
    <UnitTestResult executionId="23505ffc-b26f-4c62-a423-13a99ba271e4" testId="2372b686-1875-100c-9f97-b3ef45e8176d" testName="Test1" computerName="SPRDMULTTS-0691" duration="00:00:04.8098388" startTime="2024-04-10T15:22:42.8969918+01:00" endTime="2024-04-10T15:22:47.7068306+01:00" testType="13cdc9d9-ddb5-4fa4-a97d-d965ccfc6d4b" outcome="Passed" testListId="8c84fa94-04c1-424b-9868-57a2d4851a1d" relativeResultsDirectory="23505ffc-b26f-4c62-a423-13a99ba271e4">
    </UnitTestResult>
  </Results>
  <TestDefinitions>
    <UnitTest name="Testwrong" storage="c:\azure\agent\_work\3\s\automated\besipiel_projekt\besipiel_projekt.pjs" id="226efb95-5b56-4340-afd7-950ffb6a5b22">
      <Execution id="b8034fd5-4a9a-4684-9907-0dd33ff06fa8" />
      <TestMethod codeBase="C:\AZURE\agent\_work\3\s\Automated\Beispiel_Projekt\Besipiel_Projekt.pjs" adapterTypeName="executor://tctestexecutor/v2" className="Beispiel_Projekt" name="testitem:beispielprojekt\testwrong" />
    </UnitTest>
    <UnitTest name="Test1" storage="c:\azure\agent\_work\3\s\automated\besipiel_projekt\besipiel_projekt.pjs" id="2372b686-1875-100c-9f97-b3ef45e8176d">
      <Execution id="23505ffc-b26f-4c62-a423-13a99ba271e4" />
      <TestMethod codeBase="C:\AZURE\agent\_work\3\s\Automated\Beispiel_Projekt\Besipiel_Projekt.pjs" adapterTypeName="executor://tctestexecutor/v2" className="Beispiel_Projekt" name="testitem:beispielprojekt\test1" />
    </UnitTest>
  </TestDefinitions>
  <TestEntries>
    <TestEntry testId="226efb95-5b56-4340-afd7-950ffb6a5b22" executionId="b8034fd5-4a9a-4684-9907-0dd33ff06fa8" testListId="8c84fa94-04c1-424b-9868-57a2d4851a1d" />
    <TestEntry testId="2372b686-1875-100c-9f97-b3ef45e8176d" executionId="23505ffc-b26f-4c62-a423-13a99ba271e4" testListId="8c84fa94-04c1-424b-9868-57a2d4851a1d" />
  </TestEntries>
  <TestLists>
    <TestList name="Results Not in a List" id="8c84fa94-04c1-424b-9868-57a2d4851a1d" />
    <TestList name="All Loaded Results" id="19431567-8539-422a-85d7-44ee4e166bda" />
  </TestLists>
  <ResultSummary outcome="Failed">
    <Counters total="2" executed="2" passed="1" failed="1" error="0" timeout="0" aborted="0" inconclusive="0" passedButRunAborted="0" notRunnable="0" notExecuted="0" disconnected="0" warning="0" completed="0" inProgress="0" pending="0" />
  </ResultSummary>
</TestRun>
